<?xml version="1.0" encoding="UTF-8"?>
<beans xmlns="http://www.springframework.org/schema/beans"
  xmlns:xsi="http://www.w3.org/2001/XMLSchema-instance"
  xmlns:aop="http://www.springframework.org/schema/aop"
  xmlns:context="http://www.springframework.org/schema/context"
  xmlns:tx="http://www.springframework.org/schema/tx"
  xmlns:jdbc="http://www.springframework.org/schema/jdbc"
  xsi:schemaLocation="http://www.springframework.org/schema/beans
    http://www.springframework.org/schema/beans/spring-beans.xsd
    http://www.springframework.org/schema/aop
    http://www.springframework.org/schema/aop/spring-aop-3.0.xsd
    http://www.springframework.org/schema/context
    http://www.springframework.org/schema/context/spring-context-3.0.xsd
    http://www.springframework.org/schema/tx
    http://www.springframework.org/schema/tx/spring-tx-3.0.xsd
    http://www.springframework.org/schema/jdbc
    http://www.springframework.org/schema/jdbc/spring-jdbc.xsd">
  <tx:annotation-driven />

  <context:annotation-config />

  <tx:advice id="transactionAdvice" >
    <tx:attributes>
      <tx:method name="get*" read-only="true" />
      <tx:method name="*" />
    </tx:attributes>
  </tx:advice>

  <aop:config>
    <aop:advisor advice-ref="transactionAdvice" pointcut="bean(*Service)" />
  </aop:config>

  <jdbc:embedded-database id="embeddedDatabase" type="HSQL">
    <jdbc:script location="classpath:/sql/sqlRegistrySchema.sql" />
  </jdbc:embedded-database>

  <bean id="dataSource"
    class="org.springframework.jdbc.datasource.SimpleDriverDataSource">
    <property name="driverClass" value="com.mysql.cj.jdbc.Driver"/>
    <property name="url" value="jdbc:mysql://localhost/testdb"/>
    <property name="username" value="root"/>
    <property name="password" value="toby"/>
  </bean>

  <bean id="userService" class="springbook.user.service.UserServiceImpl">
    <property name="userDao" ref="userDao"/>
    <property name="mailSender" ref="mailSender"/>
  </bean>

  <bean id="mailSender" class="springbook.user.service.DummyMailSender"/>

  <bean id="transactionManager"
    class="org.springframework.jdbc.datasource.DataSourceTransactionManager">
    <property name="dataSource" ref="dataSource"/>
  </bean>

  <bean id="userDao" class="springbook.user.dao.UserDaoJdbc">
    <property name="dataSource" ref="dataSource"/>
    <property name="sqlService" ref="sqlService"/>
  </bean>

  <bean id="sqlService" class="springbook.user.sqlservice.OxmSqlService">
    <property name="unmarshaller" ref="unmarshaller" />
    <property name="sqlRegistry" ref="sqlRegistry" />
  </bean>

  <bean id="sqlRegistry" class="springbook.user.sqlservice.updatable.EmbeddedDbSqlRegistry">
    <property name="dataSource" ref="embeddedDatabase" />
  </bean>

  <bean id="unmarshaller" class="org.springframework.oxm.jaxb.Jaxb2Marshaller">
    <property name="contextPath" value="springbook.user.sqlservice.jaxb" />
  </bean>

  <bean id="transactionPointcut"
    class="org.springframework.aop.aspectj.AspectJExpressionPointcut">
    <property name="expression" value="execution(* *..*ServiceImpl.upgrade*(..))"/>
  </bean>

  <bean id="transactionAdvisor"
    class="org.springframework.aop.support.DefaultPointcutAdvisor">
    <property name="advice" ref="transactionAdvice"/>
    <property name="pointcut" ref="transactionPointcut"/>
  </bean>

  <bean id="testUserService"
    class="springbook.user.service.UserServiceTest$TestUserService"
    parent="userService"/>

  <bean
    class="org.springframework.aop.framework.autoproxy.DefaultAdvisorAutoProxyCreator"/>

  <bean id="transactionAdvice" class="org.springframework.transaction.interceptor.TransactionInterceptor">
    <property name="transactionManager" ref="transactionManager"/>
    <property name="transactionAttributes">
      <props>
        <prop key="get*">PROPAGATION_REQUIRED, readOnly</prop>
        <prop key="*">PROPAGATION_REQUIRED</prop>
      </props>
    </property>
  </bean>
</beans>